{
  "RSpec": {
    "coverage": {
      "/home/ubuntu/workspace/proj/Calumni/app/controllers/application_controller.rb": [
        0,
        null,
        null,
        0,
        0
      ],
      "/home/ubuntu/workspace/proj/Calumni/app/helpers/application_helper.rb": [
        0,
        0
      ]
    },
    "timestamp": 1508279390
  },
  "Cucumber Features": {
    "coverage": {
      "/home/ubuntu/workspace/Calumni/app/controllers/calumnis_controller.rb": [
        1,
        null,
        null,
        null,
        null,
        1,
        null,
        null,
        null,
        null,
        null,
        null,
        null,
        null,
        null,
        null,
        null,
        null,
        1,
        1,
        null,
        null,
        1,
        null,
        null,
        1,
        0,
        null,
        null,
        1,
        null,
        null,
        1,
        null,
        1,
        3,
        3,
        2,
        null,
        1,
        1,
        null,
        null,
        1,
        null,
        null,
        null,
        null,
        null,
        1,
        null,
        2,
        2,
        2,
        2,
        null,
        2,
        2,
        1,
        null,
        1,
        1,
        null,
        null,
        null,
        null,
        1,
        null,
        null,
        null,
        1,
        null,
        null,
        null,
        null,
        null,
        null,
        null,
        null,
        null,
        null,
        null,
        null,
        null,
        null,
        null,
        null,
        null,
        null,
        null,
        null,
        null,
        null,
        null,
        null,
        null,
        null,
        null,
        null,
        null,
        null,
        null,
        null,
        null,
        null,
        null,
        null
      ],
      "/home/ubuntu/workspace/Calumni/app/controllers/application_controller.rb": [
        1,
        null,
        null,
        1,
        null
      ],
      "/home/ubuntu/workspace/Calumni/app/helpers/application_helper.rb": [
        1,
        null
      ],
      "/home/ubuntu/workspace/Calumni/app/models/people.rb": [
        1,
        null,
        null,
        null
      ],
      "/home/ubuntu/workspace/Calumni/app/models/person.rb": [
        0,
        0
      ]
    },
    "timestamp": 1508388402
  }
}
